[debug] [2025-06-11T04:26:26.211Z] [Firebase Plugin] Activating Firebase extension.
[debug] [2025-06-11T04:26:26.560Z] [Firebase Plugin] requireAuthWrapper
[debug] [2025-06-11T04:26:26.563Z] > command requires scopes: ["email","openid","https://www.googleapis.com/auth/cloudplatformprojects.readonly","https://www.googleapis.com/auth/firebase","https://www.googleapis.com/auth/cloud-platform"]
[debug] [2025-06-11T04:26:26.563Z] > authorizing via signed-in user (max38tech@gmail.com)
[debug] [2025-06-11T04:26:26.568Z] Checked if tokens are valid: false, expires at: 1748183182302
[debug] [2025-06-11T04:26:26.569Z] Checked if tokens are valid: false, expires at: 1748183182302
[debug] [2025-06-11T04:26:26.570Z] > refreshing access token with scopes: []
[debug] [2025-06-11T04:26:26.573Z] >>> [apiv2][query] POST https://www.googleapis.com/oauth2/v3/token [none]
[debug] [2025-06-11T04:26:26.573Z] >>> [apiv2][body] POST https://www.googleapis.com/oauth2/v3/token [omitted]
[debug] [2025-06-11T04:26:26.591Z] [Firebase Plugin] VSCode notification server listening on port 40001
[info] [Firebase Plugin] Starting Data Connect toolkit (version 2.6.3) on port 50001
[info] i  dataconnect: downloading dataconnect-emulator-2.6.3.exe... {"metadata":{"emulator":{"name":"dataconnect"},"message":"downloading dataconnect-emulator-2.6.3.exe..."}}
[debug] [2025-06-11T04:26:26.909Z] >>> [apiv2][query] GET https://storage.googleapis.com/firemat-preview-drop/emulator/dataconnect-emulator-windows-v2.6.3 
[debug] [2025-06-11T04:26:27.257Z] <<< [apiv2][status] POST https://www.googleapis.com/oauth2/v3/token 200
[debug] [2025-06-11T04:26:27.258Z] <<< [apiv2][body] POST https://www.googleapis.com/oauth2/v3/token [omitted]
[debug] [2025-06-11T04:26:27.295Z] [Firebase Plugin] User found:  max38tech@gmail.com
[info] [Firebase Plugin] (Core:Project) New user detected, fetching projects
[debug] [2025-06-11T04:26:27.297Z] Checked if tokens are valid: true, expires at: 1749619586258
[debug] [2025-06-11T04:26:27.298Z] >>> [apiv2][query] GET https://firebase.googleapis.com/v1beta1/projects pageSize=1000
[debug] [2025-06-11T04:26:27.463Z] <<< [apiv2][status] GET https://storage.googleapis.com/firemat-preview-drop/emulator/dataconnect-emulator-windows-v2.6.3 200
[debug] [2025-06-11T04:26:27.463Z] <<< [apiv2][body] GET https://storage.googleapis.com/firemat-preview-drop/emulator/dataconnect-emulator-windows-v2.6.3 [stream]
[debug] [2025-06-11T04:26:28.194Z] <<< [apiv2][status] GET https://firebase.googleapis.com/v1beta1/projects 200
[debug] [2025-06-11T04:26:28.194Z] <<< [apiv2][body] GET https://firebase.googleapis.com/v1beta1/projects [omitted]
[info] i  dataconnect: Removing outdated emulator files: dataconnect-emulator-2.2.0.exe {"metadata":{"emulator":{"name":"dataconnect"},"message":"Removing outdated emulator files: dataconnect-emulator-2.2.0.exe"}}
[debug] [2025-06-11T04:26:30.777Z] 'fdc build' failed with error: Unable to build your Data Connect schema and connectors (exit code 1): E0611 13:26:30.769482   16584 cmd.go:43] Error loading data connect config: could not find dataconnect.yaml in `c:\CODE\fe-timesheets\dataconnect`
 {"metadata":{"emulator":{"name":"dataconnect"},"message":"'fdc build' failed with error: Unable to build your Data Connect schema and connectors (exit code 1): E0611 13:26:30.769482   16584 cmd.go:43] Error loading data connect config: could not find dataconnect.yaml in `c:\\CODE\\fe-timesheets\\dataconnect`\n"}}
[debug] [2025-06-11T04:26:30.778Z] Ignoring unsupported arg: auto_download {"metadata":{"emulator":{"name":"dataconnect"},"message":"Ignoring unsupported arg: auto_download"}}
[debug] [2025-06-11T04:26:30.778Z] Ignoring unsupported arg: port {"metadata":{"emulator":{"name":"dataconnect"},"message":"Ignoring unsupported arg: port"}}
[debug] [2025-06-11T04:26:30.779Z] Starting Data Connect Emulator with command {"binary":"C:\\Users\\shawn\\.cache\\firebase\\emulators\\dataconnect-emulator-2.6.3.exe","args":["--logtostderr","-v=2","dev","--listen=localhost:50001","--config_dir=c:\\CODE\\fe-timesheets\\dataconnect","--enable_output_schema_extensions=true","--enable_output_generated_sdk=true"],"optionalArgs":["listen","config_dir","enable_output_schema_extensions","enable_output_generated_sdk"],"joinArgs":true,"shell":false,"port":9399} {"metadata":{"emulator":{"name":"dataconnect"},"message":"Starting Data Connect Emulator with command {\"binary\":\"C:\\\\Users\\\\shawn\\\\.cache\\\\firebase\\\\emulators\\\\dataconnect-emulator-2.6.3.exe\",\"args\":[\"--logtostderr\",\"-v=2\",\"dev\",\"--listen=localhost:50001\",\"--config_dir=c:\\\\CODE\\\\fe-timesheets\\\\dataconnect\",\"--enable_output_schema_extensions=true\",\"--enable_output_generated_sdk=true\"],\"optionalArgs\":[\"listen\",\"config_dir\",\"enable_output_schema_extensions\",\"enable_output_generated_sdk\"],\"joinArgs\":true,\"shell\":false,\"port\":9399}"}}
[info] i  dataconnect: Data Connect Emulator logging to dataconnect-debug.log {"metadata":{"emulator":{"name":"dataconnect"},"message":"Data Connect Emulator logging to \u001b[1mdataconnect-debug.log\u001b[22m"}}
[debug] [2025-06-11T04:26:30.911Z] E0611 13:26:30.859427   36584 load.go:23] Could not load config from "c:\\CODE\\fe-timesheets\\dataconnect": could not find dataconnect.yaml in `c:\CODE\fe-timesheets\dataconnect`
E0611 13:26:30.870951   36584 watch.go:76] watchAllDir unable to walk dir `c:\CODE\fe-timesheets\dataconnect`: on path "c:\\CODE\\fe-timesheets\\dataconnect" (DirEntry: <nil>): CreateFile c:\CODE\fe-timesheets\dataconnect: The system cannot find the file specified.
I0611 13:26:30.887887   36584 dev.go:95] Listening on address (HTTP + gRPC): 127.0.0.1:50001
 {"metadata":{"emulator":{"name":"dataconnect"},"message":"E0611 13:26:30.859427   36584 load.go:23] Could not load config from \"c:\\\\CODE\\\\fe-timesheets\\\\dataconnect\": could not find dataconnect.yaml in `c:\\CODE\\fe-timesheets\\dataconnect`\nE0611 13:26:30.870951   36584 watch.go:76] watchAllDir unable to walk dir `c:\\CODE\\fe-timesheets\\dataconnect`: on path \"c:\\\\CODE\\\\fe-timesheets\\\\dataconnect\" (DirEntry: <nil>): CreateFile c:\\CODE\\fe-timesheets\\dataconnect: The system cannot find the file specified.\nI0611 13:26:30.887887   36584 dev.go:95] Listening on address (HTTP + gRPC): 127.0.0.1:50001\n"}}
[error] [Firebase Plugin] error:  {}
[debug] [2025-06-11T04:26:40.886Z] E0611 13:26:40.885765   36584 load.go:23] Could not load config from "c:\\CODE\\fe-timesheets\\dataconnect": could not find dataconnect.yaml in `c:\CODE\fe-timesheets\dataconnect`
 {"metadata":{"emulator":{"name":"dataconnect"},"message":"E0611 13:26:40.885765   36584 load.go:23] Could not load config from \"c:\\\\CODE\\\\fe-timesheets\\\\dataconnect\": could not find dataconnect.yaml in `c:\\CODE\\fe-timesheets\\dataconnect`\n"}}
[debug] [2025-06-11T04:26:50.876Z] E0611 13:26:50.876010   36584 load.go:23] Could not load config from "c:\\CODE\\fe-timesheets\\dataconnect": could not find dataconnect.yaml in `c:\CODE\fe-timesheets\dataconnect`
 {"metadata":{"emulator":{"name":"dataconnect"},"message":"E0611 13:26:50.876010   36584 load.go:23] Could not load config from \"c:\\\\CODE\\\\fe-timesheets\\\\dataconnect\": could not find dataconnect.yaml in `c:\\CODE\\fe-timesheets\\dataconnect`\n"}}
[debug] [2025-06-11T04:27:00.887Z] E0611 13:27:00.887424   36584 load.go:23] Could not load config from "c:\\CODE\\fe-timesheets\\dataconnect": could not find dataconnect.yaml in `c:\CODE\fe-timesheets\dataconnect`
 {"metadata":{"emulator":{"name":"dataconnect"},"message":"E0611 13:27:00.887424   36584 load.go:23] Could not load config from \"c:\\\\CODE\\\\fe-timesheets\\\\dataconnect\": could not find dataconnect.yaml in `c:\\CODE\\fe-timesheets\\dataconnect`\n"}}
[debug] [2025-06-11T04:27:10.872Z] E0611 13:27:10.871923   36584 load.go:23] Could not load config from "c:\\CODE\\fe-timesheets\\dataconnect": could not find dataconnect.yaml in `c:\CODE\fe-timesheets\dataconnect`
 {"metadata":{"emulator":{"name":"dataconnect"},"message":"E0611 13:27:10.871923   36584 load.go:23] Could not load config from \"c:\\\\CODE\\\\fe-timesheets\\\\dataconnect\": could not find dataconnect.yaml in `c:\\CODE\\fe-timesheets\\dataconnect`\n"}}
[debug] [2025-06-11T04:27:20.879Z] E0611 13:27:20.879259   36584 load.go:23] Could not load config from "c:\\CODE\\fe-timesheets\\dataconnect": could not find dataconnect.yaml in `c:\CODE\fe-timesheets\dataconnect`
 {"metadata":{"emulator":{"name":"dataconnect"},"message":"E0611 13:27:20.879259   36584 load.go:23] Could not load config from \"c:\\\\CODE\\\\fe-timesheets\\\\dataconnect\": could not find dataconnect.yaml in `c:\\CODE\\fe-timesheets\\dataconnect`\n"}}
[debug] [2025-06-11T04:27:30.889Z] E0611 13:27:30.888519   36584 load.go:23] Could not load config from "c:\\CODE\\fe-timesheets\\dataconnect": could not find dataconnect.yaml in `c:\CODE\fe-timesheets\dataconnect`
 {"metadata":{"emulator":{"name":"dataconnect"},"message":"E0611 13:27:30.888519   36584 load.go:23] Could not load config from \"c:\\\\CODE\\\\fe-timesheets\\\\dataconnect\": could not find dataconnect.yaml in `c:\\CODE\\fe-timesheets\\dataconnect`\n"}}
[debug] [2025-06-11T04:27:40.886Z] E0611 13:27:40.886246   36584 load.go:23] Could not load config from "c:\\CODE\\fe-timesheets\\dataconnect": could not find dataconnect.yaml in `c:\CODE\fe-timesheets\dataconnect`
 {"metadata":{"emulator":{"name":"dataconnect"},"message":"E0611 13:27:40.886246   36584 load.go:23] Could not load config from \"c:\\\\CODE\\\\fe-timesheets\\\\dataconnect\": could not find dataconnect.yaml in `c:\\CODE\\fe-timesheets\\dataconnect`\n"}}
[debug] [2025-06-11T04:27:50.882Z] E0611 13:27:50.881943   36584 load.go:23] Could not load config from "c:\\CODE\\fe-timesheets\\dataconnect": could not find dataconnect.yaml in `c:\CODE\fe-timesheets\dataconnect`
 {"metadata":{"emulator":{"name":"dataconnect"},"message":"E0611 13:27:50.881943   36584 load.go:23] Could not load config from \"c:\\\\CODE\\\\fe-timesheets\\\\dataconnect\": could not find dataconnect.yaml in `c:\\CODE\\fe-timesheets\\dataconnect`\n"}}
[debug] [2025-06-11T04:28:00.884Z] E0611 13:28:00.884094   36584 load.go:23] Could not load config from "c:\\CODE\\fe-timesheets\\dataconnect": could not find dataconnect.yaml in `c:\CODE\fe-timesheets\dataconnect`
 {"metadata":{"emulator":{"name":"dataconnect"},"message":"E0611 13:28:00.884094   36584 load.go:23] Could not load config from \"c:\\\\CODE\\\\fe-timesheets\\\\dataconnect\": could not find dataconnect.yaml in `c:\\CODE\\fe-timesheets\\dataconnect`\n"}}
[debug] [2025-06-11T04:28:10.875Z] E0611 13:28:10.875048   36584 load.go:23] Could not load config from "c:\\CODE\\fe-timesheets\\dataconnect": could not find dataconnect.yaml in `c:\CODE\fe-timesheets\dataconnect`
 {"metadata":{"emulator":{"name":"dataconnect"},"message":"E0611 13:28:10.875048   36584 load.go:23] Could not load config from \"c:\\\\CODE\\\\fe-timesheets\\\\dataconnect\": could not find dataconnect.yaml in `c:\\CODE\\fe-timesheets\\dataconnect`\n"}}
[debug] [2025-06-11T04:28:20.885Z] E0611 13:28:20.885178   36584 load.go:23] Could not load config from "c:\\CODE\\fe-timesheets\\dataconnect": could not find dataconnect.yaml in `c:\CODE\fe-timesheets\dataconnect`
 {"metadata":{"emulator":{"name":"dataconnect"},"message":"E0611 13:28:20.885178   36584 load.go:23] Could not load config from \"c:\\\\CODE\\\\fe-timesheets\\\\dataconnect\": could not find dataconnect.yaml in `c:\\CODE\\fe-timesheets\\dataconnect`\n"}}
[debug] [2025-06-11T04:28:30.883Z] E0611 13:28:30.883022   36584 load.go:23] Could not load config from "c:\\CODE\\fe-timesheets\\dataconnect": could not find dataconnect.yaml in `c:\CODE\fe-timesheets\dataconnect`
E0611 13:28:30.883779   36584 watch.go:76] watchAllDir unable to walk dir `c:\CODE\fe-timesheets\dataconnect`: on path "c:\\CODE\\fe-timesheets\\dataconnect" (DirEntry: <nil>): CreateFile c:\CODE\fe-timesheets\dataconnect: The system cannot find the file specified.
 {"metadata":{"emulator":{"name":"dataconnect"},"message":"E0611 13:28:30.883022   36584 load.go:23] Could not load config from \"c:\\\\CODE\\\\fe-timesheets\\\\dataconnect\": could not find dataconnect.yaml in `c:\\CODE\\fe-timesheets\\dataconnect`\nE0611 13:28:30.883779   36584 watch.go:76] watchAllDir unable to walk dir `c:\\CODE\\fe-timesheets\\dataconnect`: on path \"c:\\\\CODE\\\\fe-timesheets\\\\dataconnect\" (DirEntry: <nil>): CreateFile c:\\CODE\\fe-timesheets\\dataconnect: The system cannot find the file specified.\n"}}
[debug] [2025-06-11T04:28:40.875Z] E0611 13:28:40.875046   36584 load.go:23] Could not load config from "c:\\CODE\\fe-timesheets\\dataconnect": could not find dataconnect.yaml in `c:\CODE\fe-timesheets\dataconnect`
 {"metadata":{"emulator":{"name":"dataconnect"},"message":"E0611 13:28:40.875046   36584 load.go:23] Could not load config from \"c:\\\\CODE\\\\fe-timesheets\\\\dataconnect\": could not find dataconnect.yaml in `c:\\CODE\\fe-timesheets\\dataconnect`\n"}}
[debug] [2025-06-11T04:28:50.885Z] E0611 13:28:50.885919   36584 load.go:23] Could not load config from "c:\\CODE\\fe-timesheets\\dataconnect": could not find dataconnect.yaml in `c:\CODE\fe-timesheets\dataconnect`
 {"metadata":{"emulator":{"name":"dataconnect"},"message":"E0611 13:28:50.885919   36584 load.go:23] Could not load config from \"c:\\\\CODE\\\\fe-timesheets\\\\dataconnect\": could not find dataconnect.yaml in `c:\\CODE\\fe-timesheets\\dataconnect`\n"}}
[debug] [2025-06-11T04:29:00.892Z] E0611 13:29:00.884457   36584 load.go:23] Could not load config from "c:\\CODE\\fe-timesheets\\dataconnect": could not find dataconnect.yaml in `c:\CODE\fe-timesheets\dataconnect`
 {"metadata":{"emulator":{"name":"dataconnect"},"message":"E0611 13:29:00.884457   36584 load.go:23] Could not load config from \"c:\\\\CODE\\\\fe-timesheets\\\\dataconnect\": could not find dataconnect.yaml in `c:\\CODE\\fe-timesheets\\dataconnect`\n"}}
[debug] [2025-06-11T04:29:10.885Z] E0611 13:29:10.884193   36584 load.go:23] Could not load config from "c:\\CODE\\fe-timesheets\\dataconnect": could not find dataconnect.yaml in `c:\CODE\fe-timesheets\dataconnect`
 {"metadata":{"emulator":{"name":"dataconnect"},"message":"E0611 13:29:10.884193   36584 load.go:23] Could not load config from \"c:\\\\CODE\\\\fe-timesheets\\\\dataconnect\": could not find dataconnect.yaml in `c:\\CODE\\fe-timesheets\\dataconnect`\n"}}
[debug] [2025-06-11T04:29:20.879Z] E0611 13:29:20.876651   36584 load.go:23] Could not load config from "c:\\CODE\\fe-timesheets\\dataconnect": could not find dataconnect.yaml in `c:\CODE\fe-timesheets\dataconnect`
 {"metadata":{"emulator":{"name":"dataconnect"},"message":"E0611 13:29:20.876651   36584 load.go:23] Could not load config from \"c:\\\\CODE\\\\fe-timesheets\\\\dataconnect\": could not find dataconnect.yaml in `c:\\CODE\\fe-timesheets\\dataconnect`\n"}}
[debug] [2025-06-11T04:29:30.884Z] E0611 13:29:30.883875   36584 load.go:23] Could not load config from "c:\\CODE\\fe-timesheets\\dataconnect": could not find dataconnect.yaml in `c:\CODE\fe-timesheets\dataconnect`
 {"metadata":{"emulator":{"name":"dataconnect"},"message":"E0611 13:29:30.883875   36584 load.go:23] Could not load config from \"c:\\\\CODE\\\\fe-timesheets\\\\dataconnect\": could not find dataconnect.yaml in `c:\\CODE\\fe-timesheets\\dataconnect`\n"}}
[debug] [2025-06-11T04:29:40.883Z] E0611 13:29:40.882676   36584 load.go:23] Could not load config from "c:\\CODE\\fe-timesheets\\dataconnect": could not find dataconnect.yaml in `c:\CODE\fe-timesheets\dataconnect`
 {"metadata":{"emulator":{"name":"dataconnect"},"message":"E0611 13:29:40.882676   36584 load.go:23] Could not load config from \"c:\\\\CODE\\\\fe-timesheets\\\\dataconnect\": could not find dataconnect.yaml in `c:\\CODE\\fe-timesheets\\dataconnect`\n"}}
